<?xml version="1.0" encoding="UTF-8"?>
<testsuites>
  <testsuite name="unit" tests="51" assertions="70" failures="0" errors="0" time="0.534875">
    <testcase name="testUpdateAdvertisementWhenPostedFieldsPassesAllValidations" class="AdvertisementPopupTest" file="/home/comp102/Sites/mamaplaats/mamaplaats_application/tests/unit/AdvertisementPopupTest.php" line="7" assertions="1" time="0.139792"/>
    <testcase name="testAddAdvertisementWhenPostedFieldsPassesAllValidations" class="AdvertisementPopupTest" file="/home/comp102/Sites/mamaplaats/mamaplaats_application/tests/unit/AdvertisementPopupTest.php" line="28" assertions="1" time="0.001497"/>
    <testcase name="testThrowsValidateExceptionWhenStartDateIsGreaterThanEndDate" class="AdvertisementPopupTest" file="/home/comp102/Sites/mamaplaats/mamaplaats_application/tests/unit/AdvertisementPopupTest.php" line="49" assertions="2" time="0.001666"/>
    <testcase name="testGetsAdvertisementPopUpObjectFromSlug" class="AdvertisementPopupTest" file="/home/comp102/Sites/mamaplaats/mamaplaats_application/tests/unit/AdvertisementPopupTest.php" line="72" assertions="1" time="0.001230"/>
    <testcase name="testReturnFalseWhenBrowserDataIsNotValid" class="BrowserTest" file="/home/comp102/Sites/mamaplaats/mamaplaats_application/tests/unit/BrowserTest.php" line="7" assertions="2" time="0.044817"/>
    <testcase name="testSaveBrwoserDataWhenBrowserDataIsValid" class="BrowserTest" file="/home/comp102/Sites/mamaplaats/mamaplaats_application/tests/unit/BrowserTest.php" line="18" assertions="2" time="0.002058"/>
    <testcase name="testIfTheObjectMapperAcceptsAnObjectAnArrayAndAWhitelist" class="ObjectmapperTest" file="/home/comp102/Sites/mamaplaats/mamaplaats_application/tests/unit/ObjectMapperTest.php" line="7" assertions="0" time="0.001241"/>
    <testcase name="testIfTheObjectMapperMapsArrayValuesToTheObjectValues" class="ObjectmapperTest" file="/home/comp102/Sites/mamaplaats/mamaplaats_application/tests/unit/ObjectMapperTest.php" line="17" assertions="1" time="0.000791"/>
    <testcase name="testIfTheObjectMapperDoesNotMapObjectValuesThatAreNotInTheWhitelist" class="ObjectmapperTest" file="/home/comp102/Sites/mamaplaats/mamaplaats_application/tests/unit/ObjectMapperTest.php" line="32" assertions="1" time="0.000789"/>
    <testcase name="testIfTheObjectMapperMapsObjectValuesThatAreInTheWhitelist" class="ObjectmapperTest" file="/home/comp102/Sites/mamaplaats/mamaplaats_application/tests/unit/ObjectMapperTest.php" line="46" assertions="1" time="0.000876"/>
    <testcase name="testIfObjectMapperThrowsExceptionWhenTryingToFillObjectArrayValueWithDifferentType" class="ObjectmapperTest" file="/home/comp102/Sites/mamaplaats/mamaplaats_application/tests/unit/ObjectMapperTest.php" line="60" assertions="2" time="0.001088"/>
    <testcase name="testIfObjectMapperDoesNotMapArrayFieldsThatAreNotPresentInObjectArray" class="ObjectmapperTest" file="/home/comp102/Sites/mamaplaats/mamaplaats_application/tests/unit/ObjectMapperTest.php" line="74" assertions="1" time="0.000757"/>
    <testcase name="testIfObjectMapperFactoryResturnsObjectMapperInstance" class="ObjectmapperTest" file="/home/comp102/Sites/mamaplaats/mamaplaats_application/tests/unit/ObjectMapperTest.php" line="88" assertions="1" time="0.000856"/>
    <testcase name="testIfObjectMapperDoesMapTheWholeSubArraysWhenASubArrayIsPresent" class="ObjectmapperTest" file="/home/comp102/Sites/mamaplaats/mamaplaats_application/tests/unit/ObjectMapperTest.php" line="94" assertions="1" time="0.000807"/>
    <testcase name="testIfObjectMapperMergesSubArraysBasedOnIdField" class="ObjectmapperTest" file="/home/comp102/Sites/mamaplaats/mamaplaats_application/tests/unit/ObjectMapperTest.php" line="111" assertions="1" time="0.001032"/>
    <testcase name="testIfObjectMapperPrependsSubArraysBasedOnIdField" class="ObjectmapperTest" file="/home/comp102/Sites/mamaplaats/mamaplaats_application/tests/unit/ObjectMapperTest.php" line="130" assertions="1" time="0.000845"/>
    <testcase name="testProfileImagePathIsCorrect" class="ProfileImageExtensionTest" file="/home/comp102/Sites/mamaplaats/mamaplaats_application/tests/unit/ProfileImageExtensionTest.php" line="16" assertions="1" time="0.000769"/>
    <testcase name="testReturnDefaultImagePathWhenProfileImageNotExists" class="ProfileImageExtensionTest" file="/home/comp102/Sites/mamaplaats/mamaplaats_application/tests/unit/ProfileImageExtensionTest.php" line="22" assertions="1" time="0.000761"/>
    <testcase name="testReturnEmptyWhenNoActiveAuthorAvailable" class="ProfileImageExtensionTest" file="/home/comp102/Sites/mamaplaats/mamaplaats_application/tests/unit/ProfileImageExtensionTest.php" line="28" assertions="1" time="0.006978"/>
    <testcase name="testHaltExecutionAndReturnFalseWhenNoRecentBlogArePresentInPastTenMinutes" class="SendInstantResponseTest" file="/home/comp102/Sites/mamaplaats/mamaplaats_application/tests/unit/SendInstantCommentResponseTest.php" line="7" assertions="1" time="0.017221"/>
    <testcase name="testSendEmailWhenAuthorIdAndUserIdNotMatched" class="SendInstantResponseTest" file="/home/comp102/Sites/mamaplaats/mamaplaats_application/tests/unit/SendInstantCommentResponseTest.php" line="28" assertions="1" time="0.029371"/>
    <testcase name="testReturnEmptyWhenAuthorIdAndUserIdIsMatched" class="SendInstantResponseTest" file="/home/comp102/Sites/mamaplaats/mamaplaats_application/tests/unit/SendInstantCommentResponseTest.php" line="53" assertions="1" time="0.000965"/>
    <testcase name="testThrowsValidateExceptionWhenCommentTypeIsNull" class="UnsubscribeNotificationTest" file="/home/comp102/Sites/mamaplaats/mamaplaats_application/tests/unit/UnsubscribeNotificationTest.php" line="7" assertions="2" time="0.009760"/>
    <testcase name="testThrowsValidateExceptionWhenUserIdIsNull" class="UnsubscribeNotificationTest" file="/home/comp102/Sites/mamaplaats/mamaplaats_application/tests/unit/UnsubscribeNotificationTest.php" line="15" assertions="2" time="0.000800"/>
    <testcase name="testThrowsValidateExceptionWhenHashKeyIsNull" class="UnsubscribeNotificationTest" file="/home/comp102/Sites/mamaplaats/mamaplaats_application/tests/unit/UnsubscribeNotificationTest.php" line="23" assertions="2" time="0.000746"/>
    <testcase name="testThrowsValidateExceptionWhenCommentTypeANDUserIdAndHashKeyAreNotNullButDoesNotmatchWithDatabaseValues" class="UnsubscribeNotificationTest" file="/home/comp102/Sites/mamaplaats/mamaplaats_application/tests/unit/UnsubscribeNotificationTest.php" line="31" assertions="2" time="0.000930"/>
    <testcase name="testUpdateAdvertisementWhenPostedFieldsPassesAllValidations" class="AdvertisementsTest" file="/home/comp102/Sites/mamaplaats/mamaplaats_application/tests/unit/admin/AdvertisementsTest.php" line="7" assertions="1" time="0.018576"/>
    <testcase name="testAddAdvertisementWhenPostedFieldsPassesAllValidations" class="AdvertisementsTest" file="/home/comp102/Sites/mamaplaats/mamaplaats_application/tests/unit/admin/AdvertisementsTest.php" line="27" assertions="1" time="0.001559"/>
    <testcase name="testSubscribeAsUserIsNotExecutedWhenReferenceIsEmpty" class="ActivatesAccountTest" file="/home/comp102/Sites/mamaplaats/mamaplaats_application/tests/unit/guest/ActivatesAccountTest.php" line="8" assertions="2" time="0.021481"/>
    <testcase name="testSubscribeAsUserIsExecutedWhenReferenceIsNotEmpty" class="ActivatesAccountTest" file="/home/comp102/Sites/mamaplaats/mamaplaats_application/tests/unit/guest/ActivatesAccountTest.php" line="24" assertions="2" time="0.002767"/>
    <testcase name="testGetsOwnBlogList" class="BlogTest" file="/home/comp102/Sites/mamaplaats/mamaplaats_application/tests/unit/user/BlogTest.php" line="7" assertions="2" time="0.010975"/>
    <testcase name="testMostReadBlogList" class="BlogTest" file="/home/comp102/Sites/mamaplaats/mamaplaats_application/tests/unit/user/BlogTest.php" line="29" assertions="2" time="0.008301"/>
    <testcase name="testFollowingUsersBlogList" class="BlogTest" file="/home/comp102/Sites/mamaplaats/mamaplaats_application/tests/unit/user/BlogTest.php" line="48" assertions="2" time="0.008193"/>
    <testcase name="testItShouldGetAdminBlogsListWhenUserIsOnAdminBlogListPage" class="BlogTest" file="/home/comp102/Sites/mamaplaats/mamaplaats_application/tests/unit/user/BlogTest.php" line="66" assertions="2" time="0.001633"/>
    <testcase name="testThrowExceptionWhenSsoOrSignatureKeyIsMissing" class="DiscourseSsoTest" file="/home/comp102/Sites/mamaplaats/mamaplaats_application/tests/unit/user/DiscourseSsoTest.php" line="7" assertions="2" time="0.044411"/>
    <testcase name="testThrowExceptionWhenValidatePayloadReturnsFalse" class="DiscourseSsoTest" file="/home/comp102/Sites/mamaplaats/mamaplaats_application/tests/unit/user/DiscourseSsoTest.php" line="20" assertions="2" time="0.001813"/>
    <testcase name="testMatchDiscourseSignInString" class="DiscourseSsoTest" file="/home/comp102/Sites/mamaplaats/mamaplaats_application/tests/unit/user/DiscourseSsoTest.php" line="39" assertions="1" time="0.001885"/>
    <testcase name="testIfSuggestionListIsLoaded" class="GetsReviewListTest" file="/home/comp102/Sites/mamaplaats/mamaplaats_application/tests/unit/user/GetsReviewListTest.php" line="7" assertions="1" time="0.026395"/>
    <testcase name="testIfSuubscribedListIsLoaded" class="GetsReviewListTest" file="/home/comp102/Sites/mamaplaats/mamaplaats_application/tests/unit/user/GetsReviewListTest.php" line="18" assertions="1" time="0.001083"/>
    <testcase name="testItShouldLoadSubscribedWinListWhenUserIsOnSubscribedWinListPage" class="GetsWinListTest" file="/home/comp102/Sites/mamaplaats/mamaplaats_application/tests/unit/user/GetsWinListTest.php" line="8" assertions="1" time="0.034999"/>
    <testcase name="testItShouldLoadUnSubscribedWinListWhenUserIsOnWinListSuggestionPage" class="GetsWinListTest" file="/home/comp102/Sites/mamaplaats/mamaplaats_application/tests/unit/user/GetsWinListTest.php" line="34" assertions="1" time="0.004559"/>
    <testcase name="testReturnFalseWhenUserIdDoesNotExist" class="LoginSuccessTest" file="/home/comp102/Sites/mamaplaats/mamaplaats_application/tests/unit/user/LoginSuccessTest.php" line="7" assertions="1" time="0.001239"/>
    <testcase name="testUpdateUserInfoWhenUserIdExist" class="LoginSuccessTest" file="/home/comp102/Sites/mamaplaats/mamaplaats_application/tests/unit/user/LoginSuccessTest.php" line="29" assertions="1" time="0.001157"/>
    <testcase name="testGetsProfileDashboardDetails" class="ProfileDashboardTest" file="/home/comp102/Sites/mamaplaats/mamaplaats_application/tests/unit/user/ProfileDashboardTest.php" line="7" assertions="2" time="0.046418"/>
    <testcase name="testReturnFalseWhenUserIdDoesNotExist" class="ProfileProgressTest" file="/home/comp102/Sites/mamaplaats/mamaplaats_application/tests/unit/user/ProfileProgressTest.php" line="7" assertions="1" time="0.003476"/>
    <testcase name="testReturnProfileStagesDetailsWhenUserIdExists" class="ProfileProgressTest" file="/home/comp102/Sites/mamaplaats/mamaplaats_application/tests/unit/user/ProfileProgressTest.php" line="21" assertions="1" time="0.001591"/>
    <testcase name="testThrowsValidateExceptionWhenAnyOfTheFieldIsEmptyWhileChangePassword" class="ProfileTest" file="/home/comp102/Sites/mamaplaats/mamaplaats_application/tests/unit/user/ProfileTest.php" line="7" assertions="2" time="0.010249"/>
    <testcase name="testThrowsValidateExceptionWhenCurrentPasswordIsInCorrect" class="ProfileTest" file="/home/comp102/Sites/mamaplaats/mamaplaats_application/tests/unit/user/ProfileTest.php" line="26" assertions="2" time="0.001046"/>
    <testcase name="testThrowsValidateExceptionWhenNewPasswordAndConfirmPasswordDoesNotMatch" class="ProfileTest" file="/home/comp102/Sites/mamaplaats/mamaplaats_application/tests/unit/user/ProfileTest.php" line="45" assertions="2" time="0.000971"/>
    <testcase name="testUpdateUserWhenNoUserIsFoundForUpdatingProfileImageExtension" class="UpdatesProfileImageTest" file="/home/comp102/Sites/mamaplaats/mamaplaats_application/tests/unit/user/UpdatesProfileImageTest.php" line="7" assertions="1" time="0.001756"/>
    <testcase name="testUpdateUserWhenUsersAreFoundForUpdatingProfileImageExtensionButImageDoesNotExist" class="UpdatesProfileImageTest" file="/home/comp102/Sites/mamaplaats/mamaplaats_application/tests/unit/user/UpdatesProfileImageTest.php" line="16" assertions="1" time="0.009899"/>
  </testsuite>
</testsuites>
